0 info it worked if it ends with ok
1 verbose cli [ '/usr/local/bin/node',
1 verbose cli   '/usr/local/bin/npm',
1 verbose cli   'version',
1 verbose cli   'patch' ]
2 info using npm@3.10.10
3 info using node@v6.11.3
4 info git [ 'status', '--porcelain' ]
5 verbose stack Error: Git working directory not clean.
5 verbose stack M README.md
5 verbose stack M demo/controls/InputDemo.jsx
5 verbose stack M demo/controls/List/ListDemo.jsx
5 verbose stack M demo/webpack.config.js
5 verbose stack M src/Dialog/Page.js
5 verbose stack M src/List/ListItem.js
5 verbose stack     at /usr/local/lib/node_modules/npm/lib/version.js:247:19
5 verbose stack     at /usr/local/lib/node_modules/npm/lib/utils/no-progress-while-running.js:21:8
5 verbose stack     at ChildProcess.exithandler (child_process.js:189:7)
5 verbose stack     at emitTwo (events.js:106:13)
5 verbose stack     at ChildProcess.emit (events.js:191:7)
5 verbose stack     at maybeClose (internal/child_process.js:920:16)
5 verbose stack     at Process.ChildProcess._handle.onexit (internal/child_process.js:230:5)
6 verbose cwd /var/www/app
7 error Linux 4.9.41-moby
8 error argv "/usr/local/bin/node" "/usr/local/bin/npm" "version" "patch"
9 error node v6.11.3
10 error npm  v3.10.10
11 error Git working directory not clean.
11 error M README.md
11 error M demo/controls/InputDemo.jsx
11 error M demo/controls/List/ListDemo.jsx
11 error M demo/webpack.config.js
11 error M src/Dialog/Page.js
11 error M src/List/ListItem.js
12 error If you need help, you may report this error at:
12 error     <https://github.com/npm/npm/issues>
13 verbose exit [ 1, true ]
